<?xml version="1.0" encoding="UTF-8"?>
<testsuite xmlns:xsi="http://www.w3.org/2001/XMLSchema-instance" xsi:noNamespaceSchemaLocation="https://maven.apache.org/surefire/maven-surefire-plugin/xsd/surefire-test-report-3.0.xsd" version="3.0" name="SShop.mono.MonoApplicationTests" time="12.637" tests="1" errors="0" skipped="0" failures="0">
  <properties>
[...]
</properties>
  <testcase name="contextLoads" classname="SShop.mono.MonoApplicationTests" time="0.833">
    <system-out><![CDATA[Standard Commons Logging discovery in action with spring-jcl: please remove commons-logging.jar from classpath in order to avoid potential conflicts
17:44:07.468 [main] INFO org.springframework.test.context.support.AnnotationConfigContextLoaderUtils -- Could not detect default configuration classes for test class [SShop.mono.MonoApplicationTests]: MonoApplicationTests does not declare any static, non-private, non-final, nested classes annotated with @Configuration.
17:44:07.680 [main] INFO org.springframework.boot.test.context.SpringBootTestContextBootstrapper -- Found @SpringBootConfiguration SShop.mono.MonoApplication for test class SShop.mono.MonoApplicationTests

  .   ____          _            __ _ _
 /\\ / ___'_ __ _ _(_)_ __  __ _ \ \ \ \
( ( )\___ | '_ | '_| | '_ \/ _` | \ \ \ \
 \\/  ___)| |_)| | | | | || (_| |  ) ) ) )
  '  |____| .__|_| |_|_| |_\__, | / / / /
 =========|_|==============|___/=/_/_/_/
 :: Spring Boot ::                (v3.2.4)

2024-05-04T17:44:08.519+07:00  INFO 11408 --- [mono] [           main] SShop.mono.MonoApplicationTests          : Starting MonoApplicationTests using Java 17.0.10 with PID 11408 (started by 84987 in D:\_01_MyProject\BackEnd\mono_SShop)
2024-05-04T17:44:08.521+07:00  INFO 11408 --- [mono] [           main] SShop.mono.MonoApplicationTests          : No active profile set, falling back to 1 default profile: "default"
2024-05-04T17:44:10.500+07:00  INFO 11408 --- [mono] [           main] .s.d.r.c.RepositoryConfigurationDelegate : Multiple Spring Data modules found, entering strict repository configuration mode
2024-05-04T17:44:10.502+07:00  INFO 11408 --- [mono] [           main] .s.d.r.c.RepositoryConfigurationDelegate : Bootstrapping Spring Data JPA repositories in DEFAULT mode.
2024-05-04T17:44:10.585+07:00  INFO 11408 --- [mono] [           main] .s.d.r.c.RepositoryConfigurationDelegate : Finished Spring Data repository scanning in 62 ms. Found 2 JPA repository interfaces.
2024-05-04T17:44:11.095+07:00  INFO 11408 --- [mono] [           main] .s.d.r.c.RepositoryConfigurationDelegate : Multiple Spring Data modules found, entering strict repository configuration mode
2024-05-04T17:44:11.096+07:00  INFO 11408 --- [mono] [           main] .s.d.r.c.RepositoryConfigurationDelegate : Bootstrapping Spring Data MongoDB repositories in DEFAULT mode.
2024-05-04T17:44:11.145+07:00  INFO 11408 --- [mono] [           main] .RepositoryConfigurationExtensionSupport : Spring Data MongoDB - Could not safely identify store assignment for repository candidate interface SShop.mono.domain.repository.postgrerepo.CartsRepository; If you want this repository to be a MongoDB repository, consider annotating your entities with one of these annotations: org.springframework.data.mongodb.core.mapping.Document (preferred), or consider extending one of the following types with your repository: org.springframework.data.mongodb.repository.MongoRepository
2024-05-04T17:44:11.146+07:00  INFO 11408 --- [mono] [           main] .RepositoryConfigurationExtensionSupport : Spring Data MongoDB - Could not safely identify store assignment for repository candidate interface SShop.mono.domain.repository.postgrerepo.CategoryRepository; If you want this repository to be a MongoDB repository, consider annotating your entities with one of these annotations: org.springframework.data.mongodb.core.mapping.Document (preferred), or consider extending one of the following types with your repository: org.springframework.data.mongodb.repository.MongoRepository
2024-05-04T17:44:11.170+07:00  INFO 11408 --- [mono] [           main] .s.d.r.c.RepositoryConfigurationDelegate : Finished Spring Data repository scanning in 74 ms. Found 5 MongoDB repository interfaces.
2024-05-04T17:44:12.174+07:00  INFO 11408 --- [mono] [           main] o.hibernate.jpa.internal.util.LogHelper  : HHH000204: Processing PersistenceUnitInfo [name: default]
2024-05-04T17:44:12.337+07:00  INFO 11408 --- [mono] [           main] org.hibernate.Version                    : HHH000412: Hibernate ORM core version 6.4.4.Final
2024-05-04T17:44:12.411+07:00  INFO 11408 --- [mono] [           main] o.h.c.internal.RegionFactoryInitiator    : HHH000026: Second-level cache disabled
2024-05-04T17:44:12.942+07:00  INFO 11408 --- [mono] [           main] o.s.o.j.p.SpringPersistenceUnitInfo      : No LoadTimeWeaver setup: ignoring JPA class transformer
2024-05-04T17:44:12.998+07:00  INFO 11408 --- [mono] [           main] com.zaxxer.hikari.HikariDataSource       : HikariPool-1 - Starting...
2024-05-04T17:44:13.357+07:00  INFO 11408 --- [mono] [           main] com.zaxxer.hikari.pool.HikariPool        : HikariPool-1 - Added connection org.postgresql.jdbc.PgConnection@3de88f64
2024-05-04T17:44:13.360+07:00  INFO 11408 --- [mono] [           main] com.zaxxer.hikari.HikariDataSource       : HikariPool-1 - Start completed.
2024-05-04T17:44:13.483+07:00  WARN 11408 --- [mono] [           main] org.hibernate.orm.deprecation            : HHH90000025: PostgreSQLDialect does not need to be specified explicitly using 'hibernate.dialect' (remove the property setting and it will be selected by default)
2024-05-04T17:44:14.831+07:00  INFO 11408 --- [mono] [           main] o.h.e.t.j.p.i.JtaPlatformInitiator       : HHH000489: No JTA platform available (set 'hibernate.transaction.jta.platform' to enable JTA platform integration)
2024-05-04T17:44:15.084+07:00  INFO 11408 --- [mono] [           main] j.LocalContainerEntityManagerFactoryBean : Initialized JPA EntityManagerFactory for persistence unit 'default'
2024-05-04T17:44:15.762+07:00  INFO 11408 --- [mono] [           main] org.mongodb.driver.client                : MongoClient with metadata {"driver": {"name": "mongo-java-driver|sync|spring-boot", "version": "4.11.1"}, "os": {"type": "Windows", "name": "Windows 11", "architecture": "amd64", "version": "10.0"}, "platform": "Java/Amazon.com Inc./17.0.10+7-LTS"} created with settings MongoClientSettings{readPreference=primary, writeConcern=WriteConcern{w=null, wTimeout=null ms, journal=null}, retryWrites=true, retryReads=true, readConcern=ReadConcern{level=null}, credential=null, transportSettings=null, streamFactoryFactory=null, commandListeners=[], codecRegistry=ProvidersCodecRegistry{codecProviders=[ValueCodecProvider{}, BsonValueCodecProvider{}, DBRefCodecProvider{}, DBObjectCodecProvider{}, DocumentCodecProvider{}, CollectionCodecProvider{}, IterableCodecProvider{}, MapCodecProvider{}, GeoJsonCodecProvider{}, GridFSFileCodecProvider{}, Jsr310CodecProvider{}, JsonObjectCodecProvider{}, BsonCodecProvider{}, EnumCodecProvider{}, com.mongodb.client.model.mql.ExpressionCodecProvider@23169374, com.mongodb.Jep395RecordCodecProvider@4f2b1a2f, com.mongodb.KotlinCodecProvider@6c2a33af]}, loggerSettings=LoggerSettings{maxDocumentLength=1000}, clusterSettings={hosts=[localhost:27017], srvServiceName=mongodb, mode=SINGLE, requiredClusterType=UNKNOWN, requiredReplicaSetName='null', serverSelector='null', clusterListeners='[]', serverSelectionTimeout='30000 ms', localThreshold='15 ms'}, socketSettings=SocketSettings{connectTimeoutMS=10000, readTimeoutMS=0, receiveBufferSize=0, proxySettings=ProxySettings{host=null, port=null, username=null, password=null}}, heartbeatSocketSettings=SocketSettings{connectTimeoutMS=10000, readTimeoutMS=10000, receiveBufferSize=0, proxySettings=ProxySettings{host=null, port=null, username=null, password=null}}, connectionPoolSettings=ConnectionPoolSettings{maxSize=100, minSize=0, maxWaitTimeMS=120000, maxConnectionLifeTimeMS=0, maxConnectionIdleTimeMS=0, maintenanceInitialDelayMS=0, maintenanceFrequencyMS=60000, connectionPoolListeners=[], maxConnecting=2}, serverSettings=ServerSettings{heartbeatFrequencyMS=10000, minHeartbeatFrequencyMS=500, serverListeners='[]', serverMonitorListeners='[]'}, sslSettings=SslSettings{enabled=false, invalidHostNameAllowed=false, context=null}, applicationName='null', compressorList=[], uuidRepresentation=JAVA_LEGACY, serverApi=null, autoEncryptionSettings=null, dnsClient=null, inetAddressResolver=null, contextProvider=null}
2024-05-04T17:44:15.843+07:00  INFO 11408 --- [mono] [localhost:27017] org.mongodb.driver.cluster               : Monitor thread successfully connected to server with description ServerDescription{address=localhost:27017, type=STANDALONE, state=CONNECTED, ok=true, minWireVersion=0, maxWireVersion=17, maxDocumentSize=16777216, logicalSessionTimeoutMinutes=30, roundTripTimeNanos=82975600}
2024-05-04T17:44:17.686+07:00  WARN 11408 --- [mono] [           main] JpaBaseConfiguration$JpaWebConfiguration : spring.jpa.open-in-view is enabled by default. Therefore, database queries may be performed during view rendering. Explicitly configure spring.jpa.open-in-view to disable this warning
2024-05-04T17:44:18.223+07:00  INFO 11408 --- [mono] [           main] o.s.s.web.DefaultSecurityFilterChain     : Will secure any request with [org.springframework.security.web.session.DisableEncodeUrlFilter@16acf986, org.springframework.security.web.context.request.async.WebAsyncManagerIntegrationFilter@35eb95d3, org.springframework.security.web.context.SecurityContextHolderFilter@45b4d2ff, org.springframework.security.web.header.HeaderWriterFilter@1b13e4fb, org.springframework.web.filter.CorsFilter@cdf3815, org.springframework.security.web.authentication.logout.LogoutFilter@27002c5a, SShop.mono.security.config.JWTAuthencationFilter@49d658bf, org.springframework.security.web.savedrequest.RequestCacheAwareFilter@340b7fca, org.springframework.security.web.servletapi.SecurityContextHolderAwareRequestFilter@4ab8c3c0, org.springframework.security.web.authentication.AnonymousAuthenticationFilter@3c320c8b, org.springframework.security.web.session.SessionManagementFilter@3df920, org.springframework.security.web.access.ExceptionTranslationFilter@4015c65b, org.springframework.security.web.access.intercept.AuthorizationFilter@21b05a8a]
2024-05-04T17:44:18.893+07:00  INFO 11408 --- [mono] [           main] o.s.m.s.b.SimpleBrokerMessageHandler     : Starting...
2024-05-04T17:44:18.896+07:00  INFO 11408 --- [mono] [           main] o.s.m.s.b.SimpleBrokerMessageHandler     : BrokerAvailabilityEvent[available=true, SimpleBrokerMessageHandler [org.springframework.messaging.simp.broker.DefaultSubscriptionRegistry@340d50c8]]
2024-05-04T17:44:18.897+07:00  INFO 11408 --- [mono] [           main] o.s.m.s.b.SimpleBrokerMessageHandler     : Started.
2024-05-04T17:44:18.908+07:00  INFO 11408 --- [mono] [           main] SShop.mono.MonoApplicationTests          : Started MonoApplicationTests in 10.944 seconds (process running for 12.734)
]]></system-out>
  </testcase>
</testsuite>